<?xml version="1.0" encoding="UTF-8"?>
<!-- Generated by org.testng.reporters.JUnitXMLReporter -->
<testsuite hostname="Mitesh" ignored="1" name="com-nopcommerce-sw-5" tests="1" failures="0" timestamp="2023-05-07T12:49:18 BST" time="20.237" errors="0">
  <testcase name="verifyProductArrangeInAlphabaticalOrder" time="3.266" classname="com.nopcommerce.demo.testsuite.LoginTest"/>
  <testcase name="verifyProductAddedToShoppingCartSuccessFully" time="0.0" classname="com.nopcommerce.demo.testsuite.LoginTest">
    <ignored/>
  </testcase> <!-- verifyProductAddedToShoppingCartSuccessFully -->
</testsuite> <!-- com-nopcommerce-sw-5 -->
